<?xml version="1.0" encoding="UTF-8"?>
<!-- Generated by org.testng.reporters.JUnitReportReporter -->
<testsuite hostname="DESKTOP-89FF1E3" failures="0" tests="11" name="runner.RunCake" time="0.461" errors="0" timestamp="2024-12-27T09:44:32 BRT" skipped="0">
  <testcase classname="runner.RunCake" name="runScenario" time="0.025"/>
  <system-out/>
  <testcase classname="runner.RunCake" name="runScenario" time="0.019"/>
  <system-out/>
  <testcase classname="runner.RunCake" name="runScenario" time="0.035"/>
  <system-out/>
  <testcase classname="runner.RunCake" name="runScenario" time="0.023"/>
  <system-out/>
  <testcase classname="runner.RunCake" name="runScenario" time="0.053"/>
  <system-out/>
  <testcase classname="runner.RunCake" name="runScenario" time="0.016"/>
  <system-out/>
  <testcase classname="runner.RunCake" name="runScenario" time="0.017"/>
  <system-out/>
  <testcase classname="runner.RunCake" name="runScenario" time="0.025"/>
  <system-out/>
  <testcase classname="runner.RunCake" name="runScenario" time="0.171"/>
  <system-out/>
  <testcase classname="runner.RunCake" name="runScenario" time="0.051"/>
  <system-out/>
  <testcase classname="runner.RunCake" name="runScenario" time="0.026"/>
  <system-out/>
</testsuite> <!-- runner.RunCake -->
