<?xml version="1.0" encoding="UTF-8"?>
<!-- Generated by org.testng.reporters.JUnitReportReporter -->
<testsuite hostname="DESKTOP-89FF1E3" failures="0" tests="11" name="runner.RunCake" time="1.012" errors="0" timestamp="2025-01-02T20:56:23 BRT" skipped="0">
  <testcase classname="runner.RunCake" name="runScenario" time="0.040"/>
  <system-out/>
  <testcase classname="runner.RunCake" name="runScenario" time="0.048"/>
  <system-out/>
  <testcase classname="runner.RunCake" name="runScenario" time="0.196"/>
  <system-out/>
  <testcase classname="runner.RunCake" name="runScenario" time="0.055"/>
  <system-out/>
  <testcase classname="runner.RunCake" name="runScenario" time="0.027"/>
  <system-out/>
  <testcase classname="runner.RunCake" name="runScenario" time="0.026"/>
  <system-out/>
  <testcase classname="runner.RunCake" name="runScenario" time="0.029"/>
  <system-out/>
  <testcase classname="runner.RunCake" name="runScenario" time="0.019"/>
  <system-out/>
  <testcase classname="runner.RunCake" name="runScenario" time="0.029"/>
  <system-out/>
  <testcase classname="runner.RunCake" name="runScenario" time="0.025"/>
  <system-out/>
  <testcase classname="runner.RunCake" name="runScenario" time="0.518"/>
  <system-out/>
</testsuite> <!-- runner.RunCake -->
